<?xml version="1.0" encoding="UTF-8"?>
<!-- Generated by org.testng.reporters.JUnitReportReporter -->
<testsuite hostname="DESKTOP-B6PQI5G" failures="0" tests="1" name="TestCases.FirstTestCase" time="5.202" errors="0" timestamp="2023-09-26T15:50:19 IST" skipped="0">
  <testcase classname="TestCases.FirstTestCase" name="enterDetails" time="5.202"/>
  <system-out/>
</testsuite> <!-- TestCases.FirstTestCase -->
