<?xml version="1.0" encoding="UTF-8"?>
<!-- Generated by org.testng.reporters.JUnitReportReporter -->
<testsuite hostname="DESKTOP-B6PQI5G" failures="0" tests="1" name="TestCases.LoginTestCase" time="12.590" errors="0" timestamp="2023-09-26T15:12:15 IST" skipped="0">
  <testcase classname="TestCases.LoginTestCase" name="Login" time="12.590"/>
  <system-out/>
</testsuite> <!-- TestCases.LoginTestCase -->
