<?xml version="1.0" encoding="UTF-8"?>
<!-- Generated by org.testng.reporters.JUnitReportReporter -->
<testsuite hostname="DESKTOP-B6PQI5G" failures="0" tests="1" name="TestCases.LogoutTestCase" time="16.477" errors="0" timestamp="2023-09-26T16:48:56 IST" skipped="0">
  <testcase classname="TestCases.LogoutTestCase" name="Login" time="16.477"/>
  <system-out/>
</testsuite> <!-- TestCases.LogoutTestCase -->
