<?xml version="1.0" encoding="UTF-8"?>
<!-- Generated by org.testng.reporters.JUnitReportReporter -->
<testsuite hostname="DESKTOP-B6PQI5G" failures="0" tests="1" name="TestCases.LoginTestCase" time="9.797" errors="0" timestamp="2023-09-26T21:21:05 IST" skipped="0">
  <testcase classname="TestCases.LoginTestCase" name="Login" time="9.797"/>
  <system-out/>
</testsuite> <!-- TestCases.LoginTestCase -->
