<?xml version="1.0" encoding="UTF-8"?>
<!-- Generated by org.testng.reporters.JUnitReportReporter -->
<testsuite hostname="DESKTOP-B6PQI5G" failures="0" tests="1" name="TestCases.LogoutTestCase" time="11.821" errors="0" timestamp="2023-09-26T21:21:52 IST" skipped="0">
  <testcase classname="TestCases.LogoutTestCase" name="Login" time="11.821"/>
  <system-out/>
</testsuite> <!-- TestCases.LogoutTestCase -->
